INFO - 2023-08-11 00:00:57 --> Session: Class initialized using 'CodeIgniter\Session\Handlers\FileHandler' driver.
INFO - 2023-08-11 00:01:03 --> Session: Class initialized using 'CodeIgniter\Session\Handlers\FileHandler' driver.
INFO - 2023-08-11 00:01:12 --> Session: Class initialized using 'CodeIgniter\Session\Handlers\FileHandler' driver.
INFO - 2023-08-11 00:01:12 --> Session: Class initialized using 'CodeIgniter\Session\Handlers\FileHandler' driver.
INFO - 2023-08-11 00:01:21 --> Session: Class initialized using 'CodeIgniter\Session\Handlers\FileHandler' driver.
INFO - 2023-08-11 00:01:21 --> Session: Class initialized using 'CodeIgniter\Session\Handlers\FileHandler' driver.
ERROR - 2023-08-11 00:02:04 --> mysqli_sql_exception: Unknown column 'primeiro_nome' in 'field list' in C:\xampp\htdocs\pi\system\Database\MySQLi\Connection.php:295
Stack trace:
#0 C:\xampp\htdocs\pi\system\Database\MySQLi\Connection.php(295): mysqli->query('INSERT INTO `us...', 0)
#1 C:\xampp\htdocs\pi\system\Database\BaseConnection.php(692): CodeIgniter\Database\MySQLi\Connection->execute('INSERT INTO `us...')
#2 C:\xampp\htdocs\pi\system\Database\BaseConnection.php(606): CodeIgniter\Database\BaseConnection->simpleQuery('INSERT INTO `us...')
#3 C:\xampp\htdocs\pi\system\Database\BaseBuilder.php(2309): CodeIgniter\Database\BaseConnection->query('INSERT INTO `us...', Array, false)
#4 C:\xampp\htdocs\pi\system\Model.php(330): CodeIgniter\Database\BaseBuilder->insert()
#5 C:\xampp\htdocs\pi\system\BaseModel.php(782): CodeIgniter\Model->doInsert(Array)
#6 C:\xampp\htdocs\pi\system\Model.php(730): CodeIgniter\BaseModel->insert(Array, true)
#7 C:\xampp\htdocs\pi\app\Controllers\Login.php(119): CodeIgniter\Model->insert(Array)
#8 C:\xampp\htdocs\pi\system\CodeIgniter.php(932): App\Controllers\Login->novousuario()
#9 C:\xampp\htdocs\pi\system\CodeIgniter.php(497): CodeIgniter\CodeIgniter->runController(Object(App\Controllers\Login))
#10 C:\xampp\htdocs\pi\system\CodeIgniter.php(366): CodeIgniter\CodeIgniter->handleRequest(NULL, Object(Config\Cache), false)
#11 C:\xampp\htdocs\pi\public\index.php(67): CodeIgniter\CodeIgniter->run()
#12 {main}
CRITICAL - 2023-08-11 00:02:04 --> Unknown column 'primeiro_nome' in 'field list'
in SYSTEMPATH\Database\MySQLi\Connection.php on line 295.
 1 SYSTEMPATH\Database\MySQLi\Connection.php(295): mysqli->query('INSERT INTO `usuario` (`primeiro_nome`, `ultimo_nome`, `email`, `senha`) VALUES (\'jean\', \'carlos\', \'jean@gmail.com\', \'123\')', 0)
 2 SYSTEMPATH\Database\BaseConnection.php(692): CodeIgniter\Database\MySQLi\Connection->execute('INSERT INTO `usuario` (`primeiro_nome`, `ultimo_nome`, `email`, `senha`) VALUES (\'jean\', \'carlos\', \'jean@gmail.com\', \'123\')')
 3 SYSTEMPATH\Database\BaseConnection.php(606): CodeIgniter\Database\BaseConnection->simpleQuery('INSERT INTO `usuario` (`primeiro_nome`, `ultimo_nome`, `email`, `senha`) VALUES (\'jean\', \'carlos\', \'jean@gmail.com\', \'123\')')
 4 SYSTEMPATH\Database\BaseBuilder.php(2309): CodeIgniter\Database\BaseConnection->query('INSERT INTO `usuario` (`primeiro_nome`, `ultimo_nome`, `email`, `senha`) VALUES (:primeiro_nome:, :ultimo_nome:, :email:, :senha:)', [...], false)
 5 SYSTEMPATH\Model.php(330): CodeIgniter\Database\BaseBuilder->insert()
 6 SYSTEMPATH\BaseModel.php(782): CodeIgniter\Model->doInsert([...])
 7 SYSTEMPATH\Model.php(730): CodeIgniter\BaseModel->insert([...], true)
 8 APPPATH\Controllers\Login.php(119): CodeIgniter\Model->insert([...])
 9 SYSTEMPATH\CodeIgniter.php(932): App\Controllers\Login->novousuario()
10 SYSTEMPATH\CodeIgniter.php(497): CodeIgniter\CodeIgniter->runController(Object(App\Controllers\Login))
11 SYSTEMPATH\CodeIgniter.php(366): CodeIgniter\CodeIgniter->handleRequest(null, Object(Config\Cache), false)
12 FCPATH\index.php(67): CodeIgniter\CodeIgniter->run()
INFO - 2023-08-11 00:03:49 --> Session: Class initialized using 'CodeIgniter\Session\Handlers\FileHandler' driver.
INFO - 2023-08-11 00:04:24 --> Session: Class initialized using 'CodeIgniter\Session\Handlers\FileHandler' driver.
INFO - 2023-08-11 00:04:34 --> Session: Class initialized using 'CodeIgniter\Session\Handlers\FileHandler' driver.
INFO - 2023-08-11 00:04:35 --> Session: Class initialized using 'CodeIgniter\Session\Handlers\FileHandler' driver.
INFO - 2023-08-11 00:04:42 --> Session: Class initialized using 'CodeIgniter\Session\Handlers\FileHandler' driver.
INFO - 2023-08-11 00:04:45 --> Session: Class initialized using 'CodeIgniter\Session\Handlers\FileHandler' driver.
INFO - 2023-08-11 00:04:49 --> Session: Class initialized using 'CodeIgniter\Session\Handlers\FileHandler' driver.
INFO - 2023-08-11 00:04:55 --> Session: Class initialized using 'CodeIgniter\Session\Handlers\FileHandler' driver.
INFO - 2023-08-11 00:04:55 --> Session: Class initialized using 'CodeIgniter\Session\Handlers\FileHandler' driver.
INFO - 2023-08-11 00:04:59 --> Session: Class initialized using 'CodeIgniter\Session\Handlers\FileHandler' driver.
INFO - 2023-08-11 00:05:00 --> Session: Class initialized using 'CodeIgniter\Session\Handlers\FileHandler' driver.
INFO - 2023-08-11 00:05:03 --> Session: Class initialized using 'CodeIgniter\Session\Handlers\FileHandler' driver.
INFO - 2023-08-11 00:05:08 --> Session: Class initialized using 'CodeIgniter\Session\Handlers\FileHandler' driver.
INFO - 2023-08-11 00:05:08 --> Session: Class initialized using 'CodeIgniter\Session\Handlers\FileHandler' driver.
INFO - 2023-08-11 00:05:10 --> Session: Class initialized using 'CodeIgniter\Session\Handlers\FileHandler' driver.
INFO - 2023-08-11 00:05:13 --> Session: Class initialized using 'CodeIgniter\Session\Handlers\FileHandler' driver.
INFO - 2023-08-11 00:05:17 --> Session: Class initialized using 'CodeIgniter\Session\Handlers\FileHandler' driver.
INFO - 2023-08-11 00:05:17 --> Session: Class initialized using 'CodeIgniter\Session\Handlers\FileHandler' driver.
INFO - 2023-08-11 00:05:22 --> Session: Class initialized using 'CodeIgniter\Session\Handlers\FileHandler' driver.
INFO - 2023-08-11 00:05:22 --> Session: Class initialized using 'CodeIgniter\Session\Handlers\FileHandler' driver.
INFO - 2023-08-11 00:05:25 --> Session: Class initialized using 'CodeIgniter\Session\Handlers\FileHandler' driver.
INFO - 2023-08-11 00:05:29 --> Session: Class initialized using 'CodeIgniter\Session\Handlers\FileHandler' driver.
INFO - 2023-08-11 00:05:31 --> Session: Class initialized using 'CodeIgniter\Session\Handlers\FileHandler' driver.
INFO - 2023-08-11 00:05:34 --> Session: Class initialized using 'CodeIgniter\Session\Handlers\FileHandler' driver.
INFO - 2023-08-11 00:05:39 --> Session: Class initialized using 'CodeIgniter\Session\Handlers\FileHandler' driver.
INFO - 2023-08-11 00:05:44 --> Session: Class initialized using 'CodeIgniter\Session\Handlers\FileHandler' driver.
INFO - 2023-08-11 00:05:48 --> Session: Class initialized using 'CodeIgniter\Session\Handlers\FileHandler' driver.
INFO - 2023-08-11 00:05:53 --> Session: Class initialized using 'CodeIgniter\Session\Handlers\FileHandler' driver.
INFO - 2023-08-11 00:05:56 --> Session: Class initialized using 'CodeIgniter\Session\Handlers\FileHandler' driver.
INFO - 2023-08-11 00:05:59 --> Session: Class initialized using 'CodeIgniter\Session\Handlers\FileHandler' driver.
INFO - 2023-08-11 00:06:05 --> Session: Class initialized using 'CodeIgniter\Session\Handlers\FileHandler' driver.
INFO - 2023-08-11 00:06:10 --> Session: Class initialized using 'CodeIgniter\Session\Handlers\FileHandler' driver.
INFO - 2023-08-11 00:06:14 --> Session: Class initialized using 'CodeIgniter\Session\Handlers\FileHandler' driver.
INFO - 2023-08-11 00:06:24 --> Session: Class initialized using 'CodeIgniter\Session\Handlers\FileHandler' driver.
INFO - 2023-08-11 00:08:04 --> Session: Class initialized using 'CodeIgniter\Session\Handlers\FileHandler' driver.
INFO - 2023-08-11 00:08:14 --> Session: Class initialized using 'CodeIgniter\Session\Handlers\FileHandler' driver.
INFO - 2023-08-11 00:08:16 --> Session: Class initialized using 'CodeIgniter\Session\Handlers\FileHandler' driver.
INFO - 2023-08-11 00:08:20 --> Session: Class initialized using 'CodeIgniter\Session\Handlers\FileHandler' driver.
INFO - 2023-08-11 00:08:29 --> Session: Class initialized using 'CodeIgniter\Session\Handlers\FileHandler' driver.
INFO - 2023-08-11 00:08:34 --> Session: Class initialized using 'CodeIgniter\Session\Handlers\FileHandler' driver.
INFO - 2023-08-11 00:13:13 --> Session: Class initialized using 'CodeIgniter\Session\Handlers\FileHandler' driver.
INFO - 2023-08-11 00:13:28 --> Session: Class initialized using 'CodeIgniter\Session\Handlers\FileHandler' driver.
INFO - 2023-08-11 00:13:28 --> Session: Class initialized using 'CodeIgniter\Session\Handlers\FileHandler' driver.
INFO - 2023-08-11 00:13:33 --> Session: Class initialized using 'CodeIgniter\Session\Handlers\FileHandler' driver.
INFO - 2023-08-11 00:13:53 --> Session: Class initialized using 'CodeIgniter\Session\Handlers\FileHandler' driver.
INFO - 2023-08-11 00:13:59 --> Session: Class initialized using 'CodeIgniter\Session\Handlers\FileHandler' driver.
INFO - 2023-08-11 00:13:59 --> Session: Class initialized using 'CodeIgniter\Session\Handlers\FileHandler' driver.
INFO - 2023-08-11 00:14:08 --> Session: Class initialized using 'CodeIgniter\Session\Handlers\FileHandler' driver.
INFO - 2023-08-11 00:14:09 --> Session: Class initialized using 'CodeIgniter\Session\Handlers\FileHandler' driver.
INFO - 2023-08-11 00:14:21 --> Session: Class initialized using 'CodeIgniter\Session\Handlers\FileHandler' driver.
INFO - 2023-08-11 00:14:21 --> Session: Class initialized using 'CodeIgniter\Session\Handlers\FileHandler' driver.
INFO - 2023-08-11 00:14:27 --> Session: Class initialized using 'CodeIgniter\Session\Handlers\FileHandler' driver.
INFO - 2023-08-11 00:14:27 --> Session: Class initialized using 'CodeIgniter\Session\Handlers\FileHandler' driver.
INFO - 2023-08-11 00:19:32 --> Session: Class initialized using 'CodeIgniter\Session\Handlers\FileHandler' driver.
INFO - 2023-08-11 00:19:33 --> Session: Class initialized using 'CodeIgniter\Session\Handlers\FileHandler' driver.
INFO - 2023-08-11 00:20:28 --> Session: Class initialized using 'CodeIgniter\Session\Handlers\FileHandler' driver.
INFO - 2023-08-11 00:20:28 --> Session: Class initialized using 'CodeIgniter\Session\Handlers\FileHandler' driver.
INFO - 2023-08-11 00:47:48 --> Session: Class initialized using 'CodeIgniter\Session\Handlers\FileHandler' driver.
INFO - 2023-08-11 00:47:48 --> Session: Class initialized using 'CodeIgniter\Session\Handlers\FileHandler' driver.
INFO - 2023-08-11 00:47:57 --> Session: Class initialized using 'CodeIgniter\Session\Handlers\FileHandler' driver.
INFO - 2023-08-11 00:48:40 --> Session: Class initialized using 'CodeIgniter\Session\Handlers\FileHandler' driver.
INFO - 2023-08-11 00:48:40 --> Session: Class initialized using 'CodeIgniter\Session\Handlers\FileHandler' driver.
INFO - 2023-08-11 00:48:43 --> Session: Class initialized using 'CodeIgniter\Session\Handlers\FileHandler' driver.
INFO - 2023-08-11 00:48:46 --> Session: Class initialized using 'CodeIgniter\Session\Handlers\FileHandler' driver.
INFO - 2023-08-11 00:53:43 --> Session: Class initialized using 'CodeIgniter\Session\Handlers\FileHandler' driver.
INFO - 2023-08-11 00:53:57 --> Session: Class initialized using 'CodeIgniter\Session\Handlers\FileHandler' driver.
INFO - 2023-08-11 00:54:08 --> Session: Class initialized using 'CodeIgniter\Session\Handlers\FileHandler' driver.
INFO - 2023-08-11 00:57:04 --> Session: Class initialized using 'CodeIgniter\Session\Handlers\FileHandler' driver.
INFO - 2023-08-11 00:57:07 --> Session: Class initialized using 'CodeIgniter\Session\Handlers\FileHandler' driver.
INFO - 2023-08-11 00:57:12 --> Session: Class initialized using 'CodeIgniter\Session\Handlers\FileHandler' driver.
INFO - 2023-08-11 00:57:21 --> Session: Class initialized using 'CodeIgniter\Session\Handlers\FileHandler' driver.
INFO - 2023-08-11 00:57:37 --> Session: Class initialized using 'CodeIgniter\Session\Handlers\FileHandler' driver.
INFO - 2023-08-11 00:58:35 --> Session: Class initialized using 'CodeIgniter\Session\Handlers\FileHandler' driver.
INFO - 2023-08-11 00:58:37 --> Session: Class initialized using 'CodeIgniter\Session\Handlers\FileHandler' driver.
INFO - 2023-08-11 00:58:50 --> Session: Class initialized using 'CodeIgniter\Session\Handlers\FileHandler' driver.
INFO - 2023-08-11 00:59:38 --> Session: Class initialized using 'CodeIgniter\Session\Handlers\FileHandler' driver.
INFO - 2023-08-11 00:59:40 --> Session: Class initialized using 'CodeIgniter\Session\Handlers\FileHandler' driver.
INFO - 2023-08-11 00:59:55 --> Session: Class initialized using 'CodeIgniter\Session\Handlers\FileHandler' driver.
ERROR - 2023-08-11 00:59:55 --> mysqli_sql_exception: Cannot add or update a child row: a foreign key constraint fails (`bdfinae`.`contas_pagar`, CONSTRAINT `contas_pagar_ibfk_1` FOREIGN KEY (`id_fornecedor`) REFERENCES `fornecedor` (`id_fornecedor`)) in C:\xampp\htdocs\pi\system\Database\MySQLi\Connection.php:295
Stack trace:
#0 C:\xampp\htdocs\pi\system\Database\MySQLi\Connection.php(295): mysqli->query('INSERT INTO `co...', 0)
#1 C:\xampp\htdocs\pi\system\Database\BaseConnection.php(692): CodeIgniter\Database\MySQLi\Connection->execute('INSERT INTO `co...')
#2 C:\xampp\htdocs\pi\system\Database\BaseConnection.php(606): CodeIgniter\Database\BaseConnection->simpleQuery('INSERT INTO `co...')
#3 C:\xampp\htdocs\pi\system\Database\BaseBuilder.php(2309): CodeIgniter\Database\BaseConnection->query('INSERT INTO `co...', Array, false)
#4 C:\xampp\htdocs\pi\system\Model.php(330): CodeIgniter\Database\BaseBuilder->insert()
#5 C:\xampp\htdocs\pi\system\BaseModel.php(782): CodeIgniter\Model->doInsert(Array)
#6 C:\xampp\htdocs\pi\system\Model.php(730): CodeIgniter\BaseModel->insert(Array, true)
#7 C:\xampp\htdocs\pi\app\Controllers\Home.php(763): CodeIgniter\Model->insert(Array)
#8 C:\xampp\htdocs\pi\system\CodeIgniter.php(932): App\Controllers\Home->salvarcontaspagar()
#9 C:\xampp\htdocs\pi\system\CodeIgniter.php(497): CodeIgniter\CodeIgniter->runController(Object(App\Controllers\Home))
#10 C:\xampp\htdocs\pi\system\CodeIgniter.php(366): CodeIgniter\CodeIgniter->handleRequest(NULL, Object(Config\Cache), false)
#11 C:\xampp\htdocs\pi\public\index.php(67): CodeIgniter\CodeIgniter->run()
#12 {main}
CRITICAL - 2023-08-11 00:59:55 --> Cannot add or update a child row: a foreign key constraint fails (`bdfinae`.`contas_pagar`, CONSTRAINT `contas_pagar_ibfk_1` FOREIGN KEY (`id_fornecedor`) REFERENCES `fornecedor` (`id_fornecedor`))
in SYSTEMPATH\Database\MySQLi\Connection.php on line 295.
 1 SYSTEMPATH\Database\MySQLi\Connection.php(295): mysqli->query('INSERT INTO `contas_pagar` (`nfe`, `data_emissao`, `cod_fornecedor`, `id_fornecedor`, `valor_bruto`, `id_plano`, `id_banco`, `cod_barras`, `historico`) VALUES (\'10\', \'\', \'\', \'#\', \'\', NULL, NULL, \'\', \'funciona\')', 0)
 2 SYSTEMPATH\Database\BaseConnection.php(692): CodeIgniter\Database\MySQLi\Connection->execute('INSERT INTO `contas_pagar` (`nfe`, `data_emissao`, `cod_fornecedor`, `id_fornecedor`, `valor_bruto`, `id_plano`, `id_banco`, `cod_barras`, `historico`) VALUES (\'10\', \'\', \'\', \'#\', \'\', NULL, NULL, \'\', \'funciona\')')
 3 SYSTEMPATH\Database\BaseConnection.php(606): CodeIgniter\Database\BaseConnection->simpleQuery('INSERT INTO `contas_pagar` (`nfe`, `data_emissao`, `cod_fornecedor`, `id_fornecedor`, `valor_bruto`, `id_plano`, `id_banco`, `cod_barras`, `historico`) VALUES (\'10\', \'\', \'\', \'#\', \'\', NULL, NULL, \'\', \'funciona\')')
 4 SYSTEMPATH\Database\BaseBuilder.php(2309): CodeIgniter\Database\BaseConnection->query('INSERT INTO `contas_pagar` (`nfe`, `data_emissao`, `cod_fornecedor`, `id_fornecedor`, `valor_bruto`, `id_plano`, `id_banco`, `cod_barras`, `historico`) VALUES (:nfe:, :data_emissao:, :cod_fornecedor:, :id_fornecedor:, :valor_bruto:, :id_plano:, :id_banco:, :cod_barras:, :historico:)', [...], false)
 5 SYSTEMPATH\Model.php(330): CodeIgniter\Database\BaseBuilder->insert()
 6 SYSTEMPATH\BaseModel.php(782): CodeIgniter\Model->doInsert([...])
 7 SYSTEMPATH\Model.php(730): CodeIgniter\BaseModel->insert([...], true)
 8 APPPATH\Controllers\Home.php(763): CodeIgniter\Model->insert([...])
 9 SYSTEMPATH\CodeIgniter.php(932): App\Controllers\Home->salvarcontaspagar()
10 SYSTEMPATH\CodeIgniter.php(497): CodeIgniter\CodeIgniter->runController(Object(App\Controllers\Home))
11 SYSTEMPATH\CodeIgniter.php(366): CodeIgniter\CodeIgniter->handleRequest(null, Object(Config\Cache), false)
12 FCPATH\index.php(67): CodeIgniter\CodeIgniter->run()
INFO - 2023-08-11 01:00:16 --> Session: Class initialized using 'CodeIgniter\Session\Handlers\FileHandler' driver.
INFO - 2023-08-11 01:00:19 --> Session: Class initialized using 'CodeIgniter\Session\Handlers\FileHandler' driver.
INFO - 2023-08-11 01:00:34 --> Session: Class initialized using 'CodeIgniter\Session\Handlers\FileHandler' driver.
ERROR - 2023-08-11 01:00:34 --> mysqli_sql_exception: Cannot add or update a child row: a foreign key constraint fails (`bdfinae`.`contas_pagar`, CONSTRAINT `contas_pagar_ibfk_1` FOREIGN KEY (`id_fornecedor`) REFERENCES `fornecedor` (`id_fornecedor`)) in C:\xampp\htdocs\pi\system\Database\MySQLi\Connection.php:295
Stack trace:
#0 C:\xampp\htdocs\pi\system\Database\MySQLi\Connection.php(295): mysqli->query('INSERT INTO `co...', 0)
#1 C:\xampp\htdocs\pi\system\Database\BaseConnection.php(692): CodeIgniter\Database\MySQLi\Connection->execute('INSERT INTO `co...')
#2 C:\xampp\htdocs\pi\system\Database\BaseConnection.php(606): CodeIgniter\Database\BaseConnection->simpleQuery('INSERT INTO `co...')
#3 C:\xampp\htdocs\pi\system\Database\BaseBuilder.php(2309): CodeIgniter\Database\BaseConnection->query('INSERT INTO `co...', Array, false)
#4 C:\xampp\htdocs\pi\system\Model.php(330): CodeIgniter\Database\BaseBuilder->insert()
#5 C:\xampp\htdocs\pi\system\BaseModel.php(782): CodeIgniter\Model->doInsert(Array)
#6 C:\xampp\htdocs\pi\system\Model.php(730): CodeIgniter\BaseModel->insert(Array, true)
#7 C:\xampp\htdocs\pi\app\Controllers\Home.php(763): CodeIgniter\Model->insert(Array)
#8 C:\xampp\htdocs\pi\system\CodeIgniter.php(932): App\Controllers\Home->salvarcontaspagar()
#9 C:\xampp\htdocs\pi\system\CodeIgniter.php(497): CodeIgniter\CodeIgniter->runController(Object(App\Controllers\Home))
#10 C:\xampp\htdocs\pi\system\CodeIgniter.php(366): CodeIgniter\CodeIgniter->handleRequest(NULL, Object(Config\Cache), false)
#11 C:\xampp\htdocs\pi\public\index.php(67): CodeIgniter\CodeIgniter->run()
#12 {main}
CRITICAL - 2023-08-11 01:00:34 --> Cannot add or update a child row: a foreign key constraint fails (`bdfinae`.`contas_pagar`, CONSTRAINT `contas_pagar_ibfk_1` FOREIGN KEY (`id_fornecedor`) REFERENCES `fornecedor` (`id_fornecedor`))
in SYSTEMPATH\Database\MySQLi\Connection.php on line 295.
 1 SYSTEMPATH\Database\MySQLi\Connection.php(295): mysqli->query('INSERT INTO `contas_pagar` (`nfe`, `data_emissao`, `cod_fornecedor`, `id_fornecedor`, `valor_bruto`, `id_plano`, `id_banco`, `cod_barras`, `historico`) VALUES (\'5656r\', \'\', \'\', \'#\', \'\', NULL, NULL, \'\', \'67gbhgbjnjhb\')', 0)
 2 SYSTEMPATH\Database\BaseConnection.php(692): CodeIgniter\Database\MySQLi\Connection->execute('INSERT INTO `contas_pagar` (`nfe`, `data_emissao`, `cod_fornecedor`, `id_fornecedor`, `valor_bruto`, `id_plano`, `id_banco`, `cod_barras`, `historico`) VALUES (\'5656r\', \'\', \'\', \'#\', \'\', NULL, NULL, \'\', \'67gbhgbjnjhb\')')
 3 SYSTEMPATH\Database\BaseConnection.php(606): CodeIgniter\Database\BaseConnection->simpleQuery('INSERT INTO `contas_pagar` (`nfe`, `data_emissao`, `cod_fornecedor`, `id_fornecedor`, `valor_bruto`, `id_plano`, `id_banco`, `cod_barras`, `historico`) VALUES (\'5656r\', \'\', \'\', \'#\', \'\', NULL, NULL, \'\', \'67gbhgbjnjhb\')')
 4 SYSTEMPATH\Database\BaseBuilder.php(2309): CodeIgniter\Database\BaseConnection->query('INSERT INTO `contas_pagar` (`nfe`, `data_emissao`, `cod_fornecedor`, `id_fornecedor`, `valor_bruto`, `id_plano`, `id_banco`, `cod_barras`, `historico`) VALUES (:nfe:, :data_emissao:, :cod_fornecedor:, :id_fornecedor:, :valor_bruto:, :id_plano:, :id_banco:, :cod_barras:, :historico:)', [...], false)
 5 SYSTEMPATH\Model.php(330): CodeIgniter\Database\BaseBuilder->insert()
 6 SYSTEMPATH\BaseModel.php(782): CodeIgniter\Model->doInsert([...])
 7 SYSTEMPATH\Model.php(730): CodeIgniter\BaseModel->insert([...], true)
 8 APPPATH\Controllers\Home.php(763): CodeIgniter\Model->insert([...])
 9 SYSTEMPATH\CodeIgniter.php(932): App\Controllers\Home->salvarcontaspagar()
10 SYSTEMPATH\CodeIgniter.php(497): CodeIgniter\CodeIgniter->runController(Object(App\Controllers\Home))
11 SYSTEMPATH\CodeIgniter.php(366): CodeIgniter\CodeIgniter->handleRequest(null, Object(Config\Cache), false)
12 FCPATH\index.php(67): CodeIgniter\CodeIgniter->run()
INFO - 2023-08-11 01:02:08 --> Session: Class initialized using 'CodeIgniter\Session\Handlers\FileHandler' driver.
ERROR - 2023-08-11 01:02:08 --> mysqli_sql_exception: Cannot add or update a child row: a foreign key constraint fails (`bdfinae`.`contas_pagar`, CONSTRAINT `contas_pagar_ibfk_1` FOREIGN KEY (`id_fornecedor`) REFERENCES `fornecedor` (`id_fornecedor`)) in C:\xampp\htdocs\pi\system\Database\MySQLi\Connection.php:295
Stack trace:
#0 C:\xampp\htdocs\pi\system\Database\MySQLi\Connection.php(295): mysqli->query('INSERT INTO `co...', 0)
#1 C:\xampp\htdocs\pi\system\Database\BaseConnection.php(692): CodeIgniter\Database\MySQLi\Connection->execute('INSERT INTO `co...')
#2 C:\xampp\htdocs\pi\system\Database\BaseConnection.php(606): CodeIgniter\Database\BaseConnection->simpleQuery('INSERT INTO `co...')
#3 C:\xampp\htdocs\pi\system\Database\BaseBuilder.php(2309): CodeIgniter\Database\BaseConnection->query('INSERT INTO `co...', Array, false)
#4 C:\xampp\htdocs\pi\system\Model.php(330): CodeIgniter\Database\BaseBuilder->insert()
#5 C:\xampp\htdocs\pi\system\BaseModel.php(782): CodeIgniter\Model->doInsert(Array)
#6 C:\xampp\htdocs\pi\system\Model.php(730): CodeIgniter\BaseModel->insert(Array, true)
#7 C:\xampp\htdocs\pi\app\Controllers\Home.php(763): CodeIgniter\Model->insert(Array)
#8 C:\xampp\htdocs\pi\system\CodeIgniter.php(932): App\Controllers\Home->salvarcontaspagar()
#9 C:\xampp\htdocs\pi\system\CodeIgniter.php(497): CodeIgniter\CodeIgniter->runController(Object(App\Controllers\Home))
#10 C:\xampp\htdocs\pi\system\CodeIgniter.php(366): CodeIgniter\CodeIgniter->handleRequest(NULL, Object(Config\Cache), false)
#11 C:\xampp\htdocs\pi\public\index.php(67): CodeIgniter\CodeIgniter->run()
#12 {main}
CRITICAL - 2023-08-11 01:02:08 --> Cannot add or update a child row: a foreign key constraint fails (`bdfinae`.`contas_pagar`, CONSTRAINT `contas_pagar_ibfk_1` FOREIGN KEY (`id_fornecedor`) REFERENCES `fornecedor` (`id_fornecedor`))
in SYSTEMPATH\Database\MySQLi\Connection.php on line 295.
 1 SYSTEMPATH\Database\MySQLi\Connection.php(295): mysqli->query('INSERT INTO `contas_pagar` (`nfe`, `data_emissao`, `cod_fornecedor`, `id_fornecedor`, `valor_bruto`, `id_plano`, `id_banco`, `cod_barras`, `historico`) VALUES (\'5656r\', \'\', \'\', \'#\', \'\', NULL, NULL, \'\', \'67gbhgbjnjhb\')', 0)
 2 SYSTEMPATH\Database\BaseConnection.php(692): CodeIgniter\Database\MySQLi\Connection->execute('INSERT INTO `contas_pagar` (`nfe`, `data_emissao`, `cod_fornecedor`, `id_fornecedor`, `valor_bruto`, `id_plano`, `id_banco`, `cod_barras`, `historico`) VALUES (\'5656r\', \'\', \'\', \'#\', \'\', NULL, NULL, \'\', \'67gbhgbjnjhb\')')
 3 SYSTEMPATH\Database\BaseConnection.php(606): CodeIgniter\Database\BaseConnection->simpleQuery('INSERT INTO `contas_pagar` (`nfe`, `data_emissao`, `cod_fornecedor`, `id_fornecedor`, `valor_bruto`, `id_plano`, `id_banco`, `cod_barras`, `historico`) VALUES (\'5656r\', \'\', \'\', \'#\', \'\', NULL, NULL, \'\', \'67gbhgbjnjhb\')')
 4 SYSTEMPATH\Database\BaseBuilder.php(2309): CodeIgniter\Database\BaseConnection->query('INSERT INTO `contas_pagar` (`nfe`, `data_emissao`, `cod_fornecedor`, `id_fornecedor`, `valor_bruto`, `id_plano`, `id_banco`, `cod_barras`, `historico`) VALUES (:nfe:, :data_emissao:, :cod_fornecedor:, :id_fornecedor:, :valor_bruto:, :id_plano:, :id_banco:, :cod_barras:, :historico:)', [...], false)
 5 SYSTEMPATH\Model.php(330): CodeIgniter\Database\BaseBuilder->insert()
 6 SYSTEMPATH\BaseModel.php(782): CodeIgniter\Model->doInsert([...])
 7 SYSTEMPATH\Model.php(730): CodeIgniter\BaseModel->insert([...], true)
 8 APPPATH\Controllers\Home.php(763): CodeIgniter\Model->insert([...])
 9 SYSTEMPATH\CodeIgniter.php(932): App\Controllers\Home->salvarcontaspagar()
10 SYSTEMPATH\CodeIgniter.php(497): CodeIgniter\CodeIgniter->runController(Object(App\Controllers\Home))
11 SYSTEMPATH\CodeIgniter.php(366): CodeIgniter\CodeIgniter->handleRequest(null, Object(Config\Cache), false)
12 FCPATH\index.php(67): CodeIgniter\CodeIgniter->run()
INFO - 2023-08-11 01:02:14 --> Session: Class initialized using 'CodeIgniter\Session\Handlers\FileHandler' driver.
INFO - 2023-08-11 01:02:23 --> Session: Class initialized using 'CodeIgniter\Session\Handlers\FileHandler' driver.
INFO - 2023-08-11 01:02:31 --> Session: Class initialized using 'CodeIgniter\Session\Handlers\FileHandler' driver.
INFO - 2023-08-11 01:02:31 --> Session: Class initialized using 'CodeIgniter\Session\Handlers\FileHandler' driver.
INFO - 2023-08-11 01:02:34 --> Session: Class initialized using 'CodeIgniter\Session\Handlers\FileHandler' driver.
INFO - 2023-08-11 01:02:37 --> Session: Class initialized using 'CodeIgniter\Session\Handlers\FileHandler' driver.
INFO - 2023-08-11 01:02:43 --> Session: Class initialized using 'CodeIgniter\Session\Handlers\FileHandler' driver.
INFO - 2023-08-11 01:02:43 --> Session: Class initialized using 'CodeIgniter\Session\Handlers\FileHandler' driver.
INFO - 2023-08-11 01:02:46 --> Session: Class initialized using 'CodeIgniter\Session\Handlers\FileHandler' driver.
INFO - 2023-08-11 01:02:51 --> Session: Class initialized using 'CodeIgniter\Session\Handlers\FileHandler' driver.
INFO - 2023-08-11 01:02:51 --> Session: Class initialized using 'CodeIgniter\Session\Handlers\FileHandler' driver.
INFO - 2023-08-11 01:02:53 --> Session: Class initialized using 'CodeIgniter\Session\Handlers\FileHandler' driver.
INFO - 2023-08-11 01:03:20 --> Session: Class initialized using 'CodeIgniter\Session\Handlers\FileHandler' driver.
INFO - 2023-08-11 01:03:21 --> Session: Class initialized using 'CodeIgniter\Session\Handlers\FileHandler' driver.
INFO - 2023-08-11 01:03:22 --> Session: Class initialized using 'CodeIgniter\Session\Handlers\FileHandler' driver.
CRITICAL - 2023-08-11 01:03:22 --> unlink(C:\xampp\htdocs\pi\writable\debugbar/debugbar_1691715516.069739.json): No such file or directory
in SYSTEMPATH\Debug\Toolbar\Collectors\History.php on line 76.
 1 [internal function]: CodeIgniter\Debug\Exceptions->errorHandler(2, 'unlink(C:\\xampp\\htdocs\\pi\\writable\\debugbar/debugbar_1691715516.069739.json): No such file or directory', 'C:\\xampp\\htdocs\\pi\\system\\Debug\\Toolbar\\Collectors\\History.php', 76)
 2 SYSTEMPATH\Debug\Toolbar\Collectors\History.php(76): unlink('C:\\xampp\\htdocs\\pi\\writable\\debugbar/debugbar_1691715516.069739.json')
 3 SYSTEMPATH\Debug\Toolbar.php(497): CodeIgniter\Debug\Toolbar\Collectors\History->setFiles('1691715802.351028', 20)
 4 SYSTEMPATH\Debug\Toolbar.php(474): CodeIgniter\Debug\Toolbar->format([...], 'html')
 5 APPPATH\Config\Events.php(46): CodeIgniter\Debug\Toolbar->respond()
 6 SYSTEMPATH\Events\Events.php(149): CodeIgniter\Events\Events::Config\{closure}()
 7 SYSTEMPATH\CodeIgniter.php(348): CodeIgniter\Events\Events::trigger('pre_system')
 8 FCPATH\index.php(67): CodeIgniter\CodeIgniter->run()
INFO - 2023-08-11 01:03:25 --> Session: Class initialized using 'CodeIgniter\Session\Handlers\FileHandler' driver.
INFO - 2023-08-11 01:03:35 --> Session: Class initialized using 'CodeIgniter\Session\Handlers\FileHandler' driver.
ERROR - 2023-08-11 01:03:35 --> mysqli_sql_exception: Cannot add or update a child row: a foreign key constraint fails (`bdfinae`.`contas_pagar`, CONSTRAINT `contas_pagar_ibfk_1` FOREIGN KEY (`id_fornecedor`) REFERENCES `fornecedor` (`id_fornecedor`)) in C:\xampp\htdocs\pi\system\Database\MySQLi\Connection.php:295
Stack trace:
#0 C:\xampp\htdocs\pi\system\Database\MySQLi\Connection.php(295): mysqli->query('INSERT INTO `co...', 0)
#1 C:\xampp\htdocs\pi\system\Database\BaseConnection.php(692): CodeIgniter\Database\MySQLi\Connection->execute('INSERT INTO `co...')
#2 C:\xampp\htdocs\pi\system\Database\BaseConnection.php(606): CodeIgniter\Database\BaseConnection->simpleQuery('INSERT INTO `co...')
#3 C:\xampp\htdocs\pi\system\Database\BaseBuilder.php(2309): CodeIgniter\Database\BaseConnection->query('INSERT INTO `co...', Array, false)
#4 C:\xampp\htdocs\pi\system\Model.php(330): CodeIgniter\Database\BaseBuilder->insert()
#5 C:\xampp\htdocs\pi\system\BaseModel.php(782): CodeIgniter\Model->doInsert(Array)
#6 C:\xampp\htdocs\pi\system\Model.php(730): CodeIgniter\BaseModel->insert(Array, true)
#7 C:\xampp\htdocs\pi\app\Controllers\Home.php(763): CodeIgniter\Model->insert(Array)
#8 C:\xampp\htdocs\pi\system\CodeIgniter.php(932): App\Controllers\Home->salvarcontaspagar()
#9 C:\xampp\htdocs\pi\system\CodeIgniter.php(497): CodeIgniter\CodeIgniter->runController(Object(App\Controllers\Home))
#10 C:\xampp\htdocs\pi\system\CodeIgniter.php(366): CodeIgniter\CodeIgniter->handleRequest(NULL, Object(Config\Cache), false)
#11 C:\xampp\htdocs\pi\public\index.php(67): CodeIgniter\CodeIgniter->run()
#12 {main}
CRITICAL - 2023-08-11 01:03:35 --> Cannot add or update a child row: a foreign key constraint fails (`bdfinae`.`contas_pagar`, CONSTRAINT `contas_pagar_ibfk_1` FOREIGN KEY (`id_fornecedor`) REFERENCES `fornecedor` (`id_fornecedor`))
in SYSTEMPATH\Database\MySQLi\Connection.php on line 295.
 1 SYSTEMPATH\Database\MySQLi\Connection.php(295): mysqli->query('INSERT INTO `contas_pagar` (`nfe`, `data_emissao`, `cod_fornecedor`, `id_fornecedor`, `valor_bruto`, `id_plano`, `id_banco`, `cod_barras`, `historico`) VALUES (\'123\', \'\', \'\', \'#\', \'\', NULL, NULL, \'\', \'sdceuiagfoe\')', 0)
 2 SYSTEMPATH\Database\BaseConnection.php(692): CodeIgniter\Database\MySQLi\Connection->execute('INSERT INTO `contas_pagar` (`nfe`, `data_emissao`, `cod_fornecedor`, `id_fornecedor`, `valor_bruto`, `id_plano`, `id_banco`, `cod_barras`, `historico`) VALUES (\'123\', \'\', \'\', \'#\', \'\', NULL, NULL, \'\', \'sdceuiagfoe\')')
 3 SYSTEMPATH\Database\BaseConnection.php(606): CodeIgniter\Database\BaseConnection->simpleQuery('INSERT INTO `contas_pagar` (`nfe`, `data_emissao`, `cod_fornecedor`, `id_fornecedor`, `valor_bruto`, `id_plano`, `id_banco`, `cod_barras`, `historico`) VALUES (\'123\', \'\', \'\', \'#\', \'\', NULL, NULL, \'\', \'sdceuiagfoe\')')
 4 SYSTEMPATH\Database\BaseBuilder.php(2309): CodeIgniter\Database\BaseConnection->query('INSERT INTO `contas_pagar` (`nfe`, `data_emissao`, `cod_fornecedor`, `id_fornecedor`, `valor_bruto`, `id_plano`, `id_banco`, `cod_barras`, `historico`) VALUES (:nfe:, :data_emissao:, :cod_fornecedor:, :id_fornecedor:, :valor_bruto:, :id_plano:, :id_banco:, :cod_barras:, :historico:)', [...], false)
 5 SYSTEMPATH\Model.php(330): CodeIgniter\Database\BaseBuilder->insert()
 6 SYSTEMPATH\BaseModel.php(782): CodeIgniter\Model->doInsert([...])
 7 SYSTEMPATH\Model.php(730): CodeIgniter\BaseModel->insert([...], true)
 8 APPPATH\Controllers\Home.php(763): CodeIgniter\Model->insert([...])
 9 SYSTEMPATH\CodeIgniter.php(932): App\Controllers\Home->salvarcontaspagar()
10 SYSTEMPATH\CodeIgniter.php(497): CodeIgniter\CodeIgniter->runController(Object(App\Controllers\Home))
11 SYSTEMPATH\CodeIgniter.php(366): CodeIgniter\CodeIgniter->handleRequest(null, Object(Config\Cache), false)
12 FCPATH\index.php(67): CodeIgniter\CodeIgniter->run()
INFO - 2023-08-11 01:03:39 --> Session: Class initialized using 'CodeIgniter\Session\Handlers\FileHandler' driver.
INFO - 2023-08-11 01:03:48 --> Session: Class initialized using 'CodeIgniter\Session\Handlers\FileHandler' driver.
INFO - 2023-08-11 01:03:49 --> Session: Class initialized using 'CodeIgniter\Session\Handlers\FileHandler' driver.
INFO - 2023-08-11 01:03:54 --> Session: Class initialized using 'CodeIgniter\Session\Handlers\FileHandler' driver.
INFO - 2023-08-11 01:03:58 --> Session: Class initialized using 'CodeIgniter\Session\Handlers\FileHandler' driver.
INFO - 2023-08-11 01:05:14 --> Session: Class initialized using 'CodeIgniter\Session\Handlers\FileHandler' driver.
INFO - 2023-08-11 01:05:17 --> Session: Class initialized using 'CodeIgniter\Session\Handlers\FileHandler' driver.
INFO - 2023-08-11 01:05:24 --> Session: Class initialized using 'CodeIgniter\Session\Handlers\FileHandler' driver.
ERROR - 2023-08-11 01:05:24 --> mysqli_sql_exception: Cannot add or update a child row: a foreign key constraint fails (`bdfinae`.`contas_pagar`, CONSTRAINT `contas_pagar_ibfk_1` FOREIGN KEY (`id_fornecedor`) REFERENCES `fornecedor` (`id_fornecedor`)) in C:\xampp\htdocs\pi\system\Database\MySQLi\Connection.php:295
Stack trace:
#0 C:\xampp\htdocs\pi\system\Database\MySQLi\Connection.php(295): mysqli->query('INSERT INTO `co...', 0)
#1 C:\xampp\htdocs\pi\system\Database\BaseConnection.php(692): CodeIgniter\Database\MySQLi\Connection->execute('INSERT INTO `co...')
#2 C:\xampp\htdocs\pi\system\Database\BaseConnection.php(606): CodeIgniter\Database\BaseConnection->simpleQuery('INSERT INTO `co...')
#3 C:\xampp\htdocs\pi\system\Database\BaseBuilder.php(2309): CodeIgniter\Database\BaseConnection->query('INSERT INTO `co...', Array, false)
#4 C:\xampp\htdocs\pi\system\Model.php(330): CodeIgniter\Database\BaseBuilder->insert()
#5 C:\xampp\htdocs\pi\system\BaseModel.php(782): CodeIgniter\Model->doInsert(Array)
#6 C:\xampp\htdocs\pi\system\Model.php(730): CodeIgniter\BaseModel->insert(Array, true)
#7 C:\xampp\htdocs\pi\app\Controllers\Home.php(763): CodeIgniter\Model->insert(Array)
#8 C:\xampp\htdocs\pi\system\CodeIgniter.php(932): App\Controllers\Home->salvarcontaspagar()
#9 C:\xampp\htdocs\pi\system\CodeIgniter.php(497): CodeIgniter\CodeIgniter->runController(Object(App\Controllers\Home))
#10 C:\xampp\htdocs\pi\system\CodeIgniter.php(366): CodeIgniter\CodeIgniter->handleRequest(NULL, Object(Config\Cache), false)
#11 C:\xampp\htdocs\pi\public\index.php(67): CodeIgniter\CodeIgniter->run()
#12 {main}
CRITICAL - 2023-08-11 01:05:24 --> Cannot add or update a child row: a foreign key constraint fails (`bdfinae`.`contas_pagar`, CONSTRAINT `contas_pagar_ibfk_1` FOREIGN KEY (`id_fornecedor`) REFERENCES `fornecedor` (`id_fornecedor`))
in SYSTEMPATH\Database\MySQLi\Connection.php on line 295.
 1 SYSTEMPATH\Database\MySQLi\Connection.php(295): mysqli->query('INSERT INTO `contas_pagar` (`nfe`, `data_emissao`, `cod_fornecedor`, `id_fornecedor`, `valor_bruto`, `id_plano`, `id_banco`, `cod_barras`, `historico`) VALUES (\'3333\', \'\', \'\', \'#\', \'\', NULL, NULL, \'\', \'            \')', 0)
 2 SYSTEMPATH\Database\BaseConnection.php(692): CodeIgniter\Database\MySQLi\Connection->execute('INSERT INTO `contas_pagar` (`nfe`, `data_emissao`, `cod_fornecedor`, `id_fornecedor`, `valor_bruto`, `id_plano`, `id_banco`, `cod_barras`, `historico`) VALUES (\'3333\', \'\', \'\', \'#\', \'\', NULL, NULL, \'\', \'            \')')
 3 SYSTEMPATH\Database\BaseConnection.php(606): CodeIgniter\Database\BaseConnection->simpleQuery('INSERT INTO `contas_pagar` (`nfe`, `data_emissao`, `cod_fornecedor`, `id_fornecedor`, `valor_bruto`, `id_plano`, `id_banco`, `cod_barras`, `historico`) VALUES (\'3333\', \'\', \'\', \'#\', \'\', NULL, NULL, \'\', \'            \')')
 4 SYSTEMPATH\Database\BaseBuilder.php(2309): CodeIgniter\Database\BaseConnection->query('INSERT INTO `contas_pagar` (`nfe`, `data_emissao`, `cod_fornecedor`, `id_fornecedor`, `valor_bruto`, `id_plano`, `id_banco`, `cod_barras`, `historico`) VALUES (:nfe:, :data_emissao:, :cod_fornecedor:, :id_fornecedor:, :valor_bruto:, :id_plano:, :id_banco:, :cod_barras:, :historico:)', [...], false)
 5 SYSTEMPATH\Model.php(330): CodeIgniter\Database\BaseBuilder->insert()
 6 SYSTEMPATH\BaseModel.php(782): CodeIgniter\Model->doInsert([...])
 7 SYSTEMPATH\Model.php(730): CodeIgniter\BaseModel->insert([...], true)
 8 APPPATH\Controllers\Home.php(763): CodeIgniter\Model->insert([...])
 9 SYSTEMPATH\CodeIgniter.php(932): App\Controllers\Home->salvarcontaspagar()
10 SYSTEMPATH\CodeIgniter.php(497): CodeIgniter\CodeIgniter->runController(Object(App\Controllers\Home))
11 SYSTEMPATH\CodeIgniter.php(366): CodeIgniter\CodeIgniter->handleRequest(null, Object(Config\Cache), false)
12 FCPATH\index.php(67): CodeIgniter\CodeIgniter->run()
INFO - 2023-08-11 01:05:27 --> Session: Class initialized using 'CodeIgniter\Session\Handlers\FileHandler' driver.
INFO - 2023-08-11 01:05:33 --> Session: Class initialized using 'CodeIgniter\Session\Handlers\FileHandler' driver.
INFO - 2023-08-11 01:05:33 --> Session: Class initialized using 'CodeIgniter\Session\Handlers\FileHandler' driver.
INFO - 2023-08-11 01:05:35 --> Session: Class initialized using 'CodeIgniter\Session\Handlers\FileHandler' driver.
INFO - 2023-08-11 01:05:39 --> Session: Class initialized using 'CodeIgniter\Session\Handlers\FileHandler' driver.
INFO - 2023-08-11 01:07:38 --> Session: Class initialized using 'CodeIgniter\Session\Handlers\FileHandler' driver.
INFO - 2023-08-11 01:07:44 --> Session: Class initialized using 'CodeIgniter\Session\Handlers\FileHandler' driver.
INFO - 2023-08-11 01:07:51 --> Session: Class initialized using 'CodeIgniter\Session\Handlers\FileHandler' driver.
INFO - 2023-08-11 01:07:51 --> Session: Class initialized using 'CodeIgniter\Session\Handlers\FileHandler' driver.
INFO - 2023-08-11 01:07:54 --> Session: Class initialized using 'CodeIgniter\Session\Handlers\FileHandler' driver.
INFO - 2023-08-11 01:07:59 --> Session: Class initialized using 'CodeIgniter\Session\Handlers\FileHandler' driver.
INFO - 2023-08-11 01:08:03 --> Session: Class initialized using 'CodeIgniter\Session\Handlers\FileHandler' driver.
INFO - 2023-08-11 01:08:05 --> Session: Class initialized using 'CodeIgniter\Session\Handlers\FileHandler' driver.
INFO - 2023-08-11 01:08:08 --> Session: Class initialized using 'CodeIgniter\Session\Handlers\FileHandler' driver.
INFO - 2023-08-11 01:08:14 --> Session: Class initialized using 'CodeIgniter\Session\Handlers\FileHandler' driver.
ERROR - 2023-08-11 01:08:14 --> mysqli_sql_exception: Cannot add or update a child row: a foreign key constraint fails (`bdfinae`.`contas_pagar`, CONSTRAINT `contas_pagar_ibfk_1` FOREIGN KEY (`id_fornecedor`) REFERENCES `fornecedor` (`id_fornecedor`) ON DELETE CASCADE ON UPDATE CASCADE) in C:\xampp\htdocs\pi\system\Database\MySQLi\Connection.php:295
Stack trace:
#0 C:\xampp\htdocs\pi\system\Database\MySQLi\Connection.php(295): mysqli->query('INSERT INTO `co...', 0)
#1 C:\xampp\htdocs\pi\system\Database\BaseConnection.php(692): CodeIgniter\Database\MySQLi\Connection->execute('INSERT INTO `co...')
#2 C:\xampp\htdocs\pi\system\Database\BaseConnection.php(606): CodeIgniter\Database\BaseConnection->simpleQuery('INSERT INTO `co...')
#3 C:\xampp\htdocs\pi\system\Database\BaseBuilder.php(2309): CodeIgniter\Database\BaseConnection->query('INSERT INTO `co...', Array, false)
#4 C:\xampp\htdocs\pi\system\Model.php(330): CodeIgniter\Database\BaseBuilder->insert()
#5 C:\xampp\htdocs\pi\system\BaseModel.php(782): CodeIgniter\Model->doInsert(Array)
#6 C:\xampp\htdocs\pi\system\Model.php(730): CodeIgniter\BaseModel->insert(Array, true)
#7 C:\xampp\htdocs\pi\app\Controllers\Home.php(763): CodeIgniter\Model->insert(Array)
#8 C:\xampp\htdocs\pi\system\CodeIgniter.php(932): App\Controllers\Home->salvarcontaspagar()
#9 C:\xampp\htdocs\pi\system\CodeIgniter.php(497): CodeIgniter\CodeIgniter->runController(Object(App\Controllers\Home))
#10 C:\xampp\htdocs\pi\system\CodeIgniter.php(366): CodeIgniter\CodeIgniter->handleRequest(NULL, Object(Config\Cache), false)
#11 C:\xampp\htdocs\pi\public\index.php(67): CodeIgniter\CodeIgniter->run()
#12 {main}
CRITICAL - 2023-08-11 01:08:14 --> Cannot add or update a child row: a foreign key constraint fails (`bdfinae`.`contas_pagar`, CONSTRAINT `contas_pagar_ibfk_1` FOREIGN KEY (`id_fornecedor`) REFERENCES `fornecedor` (`id_fornecedor`) ON DELETE CASCADE ON UPDATE CASCADE)
in SYSTEMPATH\Database\MySQLi\Connection.php on line 295.
 1 SYSTEMPATH\Database\MySQLi\Connection.php(295): mysqli->query('INSERT INTO `contas_pagar` (`nfe`, `data_emissao`, `cod_fornecedor`, `id_fornecedor`, `valor_bruto`, `id_plano`, `id_banco`, `cod_barras`, `historico`) VALUES (\'232434235\', \'\', \'\', \'#\', \'\', NULL, NULL, \'\', \'            \')', 0)
 2 SYSTEMPATH\Database\BaseConnection.php(692): CodeIgniter\Database\MySQLi\Connection->execute('INSERT INTO `contas_pagar` (`nfe`, `data_emissao`, `cod_fornecedor`, `id_fornecedor`, `valor_bruto`, `id_plano`, `id_banco`, `cod_barras`, `historico`) VALUES (\'232434235\', \'\', \'\', \'#\', \'\', NULL, NULL, \'\', \'            \')')
 3 SYSTEMPATH\Database\BaseConnection.php(606): CodeIgniter\Database\BaseConnection->simpleQuery('INSERT INTO `contas_pagar` (`nfe`, `data_emissao`, `cod_fornecedor`, `id_fornecedor`, `valor_bruto`, `id_plano`, `id_banco`, `cod_barras`, `historico`) VALUES (\'232434235\', \'\', \'\', \'#\', \'\', NULL, NULL, \'\', \'            \')')
 4 SYSTEMPATH\Database\BaseBuilder.php(2309): CodeIgniter\Database\BaseConnection->query('INSERT INTO `contas_pagar` (`nfe`, `data_emissao`, `cod_fornecedor`, `id_fornecedor`, `valor_bruto`, `id_plano`, `id_banco`, `cod_barras`, `historico`) VALUES (:nfe:, :data_emissao:, :cod_fornecedor:, :id_fornecedor:, :valor_bruto:, :id_plano:, :id_banco:, :cod_barras:, :historico:)', [...], false)
 5 SYSTEMPATH\Model.php(330): CodeIgniter\Database\BaseBuilder->insert()
 6 SYSTEMPATH\BaseModel.php(782): CodeIgniter\Model->doInsert([...])
 7 SYSTEMPATH\Model.php(730): CodeIgniter\BaseModel->insert([...], true)
 8 APPPATH\Controllers\Home.php(763): CodeIgniter\Model->insert([...])
 9 SYSTEMPATH\CodeIgniter.php(932): App\Controllers\Home->salvarcontaspagar()
10 SYSTEMPATH\CodeIgniter.php(497): CodeIgniter\CodeIgniter->runController(Object(App\Controllers\Home))
11 SYSTEMPATH\CodeIgniter.php(366): CodeIgniter\CodeIgniter->handleRequest(null, Object(Config\Cache), false)
12 FCPATH\index.php(67): CodeIgniter\CodeIgniter->run()
INFO - 2023-08-11 01:08:17 --> Session: Class initialized using 'CodeIgniter\Session\Handlers\FileHandler' driver.
