ERROR - 2023-08-01 00:11:01 --> mysqli_sql_exception: Duplicate entry '' for key 'cnpjcpf' in C:\xampp\htdocs\pi\system\Database\MySQLi\Connection.php:295
Stack trace:
#0 C:\xampp\htdocs\pi\system\Database\MySQLi\Connection.php(295): mysqli->query('INSERT INTO `cl...', 0)
#1 C:\xampp\htdocs\pi\system\Database\BaseConnection.php(692): CodeIgniter\Database\MySQLi\Connection->execute('INSERT INTO `cl...')
#2 C:\xampp\htdocs\pi\system\Database\BaseConnection.php(606): CodeIgniter\Database\BaseConnection->simpleQuery('INSERT INTO `cl...')
#3 C:\xampp\htdocs\pi\system\Database\BaseBuilder.php(2309): CodeIgniter\Database\BaseConnection->query('INSERT INTO `cl...', Array, false)
#4 C:\xampp\htdocs\pi\system\Model.php(330): CodeIgniter\Database\BaseBuilder->insert()
#5 C:\xampp\htdocs\pi\system\BaseModel.php(782): CodeIgniter\Model->doInsert(Array)
#6 C:\xampp\htdocs\pi\system\Model.php(730): CodeIgniter\BaseModel->insert(Array, true)
#7 C:\xampp\htdocs\pi\app\Controllers\Home.php(86): CodeIgniter\Model->insert(Array)
#8 C:\xampp\htdocs\pi\system\CodeIgniter.php(932): App\Controllers\Home->salvarcliente()
#9 C:\xampp\htdocs\pi\system\CodeIgniter.php(497): CodeIgniter\CodeIgniter->runController(Object(App\Controllers\Home))
#10 C:\xampp\htdocs\pi\system\CodeIgniter.php(366): CodeIgniter\CodeIgniter->handleRequest(NULL, Object(Config\Cache), false)
#11 C:\xampp\htdocs\pi\public\index.php(67): CodeIgniter\CodeIgniter->run()
#12 {main}
CRITICAL - 2023-08-01 00:11:01 --> Duplicate entry '' for key 'cnpjcpf'
in SYSTEMPATH\Database\MySQLi\Connection.php on line 295.
 1 SYSTEMPATH\Database\MySQLi\Connection.php(295): mysqli->query('INSERT INTO `cliente` (`cnpjcpf`, `nome_cliente`, `rua`, `telefone`, `email`, `sexo`, `bairro`, `cidade`, `uf`, `cep`, `numero`) VALUES (\'\', \'fabyolacampo@gmail.com\', \'\', \'\', \'\', \'mas\', \'\', \'\', \'AC\', \'\', \'\')', 0)
 2 SYSTEMPATH\Database\BaseConnection.php(692): CodeIgniter\Database\MySQLi\Connection->execute('INSERT INTO `cliente` (`cnpjcpf`, `nome_cliente`, `rua`, `telefone`, `email`, `sexo`, `bairro`, `cidade`, `uf`, `cep`, `numero`) VALUES (\'\', \'fabyolacampo@gmail.com\', \'\', \'\', \'\', \'mas\', \'\', \'\', \'AC\', \'\', \'\')')
 3 SYSTEMPATH\Database\BaseConnection.php(606): CodeIgniter\Database\BaseConnection->simpleQuery('INSERT INTO `cliente` (`cnpjcpf`, `nome_cliente`, `rua`, `telefone`, `email`, `sexo`, `bairro`, `cidade`, `uf`, `cep`, `numero`) VALUES (\'\', \'fabyolacampo@gmail.com\', \'\', \'\', \'\', \'mas\', \'\', \'\', \'AC\', \'\', \'\')')
 4 SYSTEMPATH\Database\BaseBuilder.php(2309): CodeIgniter\Database\BaseConnection->query('INSERT INTO `cliente` (`cnpjcpf`, `nome_cliente`, `rua`, `telefone`, `email`, `sexo`, `bairro`, `cidade`, `uf`, `cep`, `numero`) VALUES (:cnpjcpf:, :nome_cliente:, :rua:, :telefone:, :email:, :sexo:, :bairro:, :cidade:, :uf:, :cep:, :numero:)', [...], false)
 5 SYSTEMPATH\Model.php(330): CodeIgniter\Database\BaseBuilder->insert()
 6 SYSTEMPATH\BaseModel.php(782): CodeIgniter\Model->doInsert([...])
 7 SYSTEMPATH\Model.php(730): CodeIgniter\BaseModel->insert([...], true)
 8 APPPATH\Controllers\Home.php(86): CodeIgniter\Model->insert([...])
 9 SYSTEMPATH\CodeIgniter.php(932): App\Controllers\Home->salvarcliente()
10 SYSTEMPATH\CodeIgniter.php(497): CodeIgniter\CodeIgniter->runController(Object(App\Controllers\Home))
11 SYSTEMPATH\CodeIgniter.php(366): CodeIgniter\CodeIgniter->handleRequest(null, Object(Config\Cache), false)
12 FCPATH\index.php(67): CodeIgniter\CodeIgniter->run()
ERROR - 2023-08-01 00:11:07 --> mysqli_sql_exception: Duplicate entry '' for key 'cnpjcpf' in C:\xampp\htdocs\pi\system\Database\MySQLi\Connection.php:295
Stack trace:
#0 C:\xampp\htdocs\pi\system\Database\MySQLi\Connection.php(295): mysqli->query('INSERT INTO `cl...', 0)
#1 C:\xampp\htdocs\pi\system\Database\BaseConnection.php(692): CodeIgniter\Database\MySQLi\Connection->execute('INSERT INTO `cl...')
#2 C:\xampp\htdocs\pi\system\Database\BaseConnection.php(606): CodeIgniter\Database\BaseConnection->simpleQuery('INSERT INTO `cl...')
#3 C:\xampp\htdocs\pi\system\Database\BaseBuilder.php(2309): CodeIgniter\Database\BaseConnection->query('INSERT INTO `cl...', Array, false)
#4 C:\xampp\htdocs\pi\system\Model.php(330): CodeIgniter\Database\BaseBuilder->insert()
#5 C:\xampp\htdocs\pi\system\BaseModel.php(782): CodeIgniter\Model->doInsert(Array)
#6 C:\xampp\htdocs\pi\system\Model.php(730): CodeIgniter\BaseModel->insert(Array, true)
#7 C:\xampp\htdocs\pi\app\Controllers\Home.php(86): CodeIgniter\Model->insert(Array)
#8 C:\xampp\htdocs\pi\system\CodeIgniter.php(932): App\Controllers\Home->salvarcliente()
#9 C:\xampp\htdocs\pi\system\CodeIgniter.php(497): CodeIgniter\CodeIgniter->runController(Object(App\Controllers\Home))
#10 C:\xampp\htdocs\pi\system\CodeIgniter.php(366): CodeIgniter\CodeIgniter->handleRequest(NULL, Object(Config\Cache), false)
#11 C:\xampp\htdocs\pi\public\index.php(67): CodeIgniter\CodeIgniter->run()
#12 {main}
CRITICAL - 2023-08-01 00:11:07 --> Duplicate entry '' for key 'cnpjcpf'
in SYSTEMPATH\Database\MySQLi\Connection.php on line 295.
 1 SYSTEMPATH\Database\MySQLi\Connection.php(295): mysqli->query('INSERT INTO `cliente` (`cnpjcpf`, `nome_cliente`, `rua`, `telefone`, `email`, `sexo`, `bairro`, `cidade`, `uf`, `cep`, `numero`) VALUES (\'\', \'fabyolacampo@gmail.com\', \'\', \'\', \'\', \'mas\', \'\', \'\', \'AC\', \'\', \'\')', 0)
 2 SYSTEMPATH\Database\BaseConnection.php(692): CodeIgniter\Database\MySQLi\Connection->execute('INSERT INTO `cliente` (`cnpjcpf`, `nome_cliente`, `rua`, `telefone`, `email`, `sexo`, `bairro`, `cidade`, `uf`, `cep`, `numero`) VALUES (\'\', \'fabyolacampo@gmail.com\', \'\', \'\', \'\', \'mas\', \'\', \'\', \'AC\', \'\', \'\')')
 3 SYSTEMPATH\Database\BaseConnection.php(606): CodeIgniter\Database\BaseConnection->simpleQuery('INSERT INTO `cliente` (`cnpjcpf`, `nome_cliente`, `rua`, `telefone`, `email`, `sexo`, `bairro`, `cidade`, `uf`, `cep`, `numero`) VALUES (\'\', \'fabyolacampo@gmail.com\', \'\', \'\', \'\', \'mas\', \'\', \'\', \'AC\', \'\', \'\')')
 4 SYSTEMPATH\Database\BaseBuilder.php(2309): CodeIgniter\Database\BaseConnection->query('INSERT INTO `cliente` (`cnpjcpf`, `nome_cliente`, `rua`, `telefone`, `email`, `sexo`, `bairro`, `cidade`, `uf`, `cep`, `numero`) VALUES (:cnpjcpf:, :nome_cliente:, :rua:, :telefone:, :email:, :sexo:, :bairro:, :cidade:, :uf:, :cep:, :numero:)', [...], false)
 5 SYSTEMPATH\Model.php(330): CodeIgniter\Database\BaseBuilder->insert()
 6 SYSTEMPATH\BaseModel.php(782): CodeIgniter\Model->doInsert([...])
 7 SYSTEMPATH\Model.php(730): CodeIgniter\BaseModel->insert([...], true)
 8 APPPATH\Controllers\Home.php(86): CodeIgniter\Model->insert([...])
 9 SYSTEMPATH\CodeIgniter.php(932): App\Controllers\Home->salvarcliente()
10 SYSTEMPATH\CodeIgniter.php(497): CodeIgniter\CodeIgniter->runController(Object(App\Controllers\Home))
11 SYSTEMPATH\CodeIgniter.php(366): CodeIgniter\CodeIgniter->handleRequest(null, Object(Config\Cache), false)
12 FCPATH\index.php(67): CodeIgniter\CodeIgniter->run()
